{"level":"info","message":"starting server","timestamp":"2013-01-03T23:30:57.364Z"}
{"date":"Thu Jan 03 2013 15:34:36 GMT-0800 (Pacific Standard Time)","process":{"pid":5536,"uid":null,"gid":null,"cwd":"C:\\dev\\tracks-admin","execPath":"C:\\Program Files\\nodejs\\node.exe","version":"v0.8.16","argv":["node","C:\\dev\\tracks-admin\\app.js"],"memoryUsage":{"rss":24522752,"heapTotal":17571072,"heapUsed":10096024}},"os":{"loadavg":[0,0,0],"uptime":12051.9921067},"trace":[{"column":11,"file":"C:\\dev\\tracks-admin\\node_modules\\winston\\lib\\winston\\logger.js","function":"Logger.add","line":439,"method":"add","native":false},{"column":34,"file":"function) [as add] (C:\\dev\\tracks-admin\\node_modules\\winston\\lib\\winston.js","function":"Object.methods.forEach.winston.(anonymous","line":84,"method":"methods.forEach.winston.(anonymous","native":false},{"column":8,"file":"C:\\dev\\tracks-admin\\app.js","function":"","line":12,"method":null,"native":false},{"column":26,"file":"module.js","function":"Module._compile","line":449,"method":"_compile","native":false},{"column":10,"file":"module.js","function":"Object.Module._extensions..js","line":467,"method":"Module._extensions..js","native":false},{"column":32,"file":"module.js","function":"Module.load","line":356,"method":"load","native":false},{"column":12,"file":"module.js","function":"Function.Module._load","line":312,"method":"Module._load","native":false},{"column":10,"file":"module.js","function":"Module.runMain","line":492,"method":"runMain","native":false},{"column":9,"file":"node.js","function":"process.startup.processNextTick.process._tickCallback","line":244,"method":"startup.processNextTick.process._tickCallback","native":false}],"stack":["Error: Transport already attached: console","    at Logger.add (C:\\dev\\tracks-admin\\node_modules\\winston\\lib\\winston\\logger.js:439:11)","    at Object.methods.forEach.winston.(anonymous function) [as add] (C:\\dev\\tracks-admin\\node_modules\\winston\\lib\\winston.js:84:34)","    at Object.<anonymous> (C:\\dev\\tracks-admin\\app.js:12:8)","    at Module._compile (module.js:449:26)","    at Object.Module._extensions..js (module.js:467:10)","    at Module.load (module.js:356:32)","    at Function.Module._load (module.js:312:12)","    at Module.runMain (module.js:492:10)","    at process.startup.processNextTick.process._tickCallback (node.js:244:9)"],"level":"error","message":"uncaughtException","timestamp":"2013-01-03T23:34:36.982Z"}
{"date":"Thu Jan 03 2013 15:35:08 GMT-0800 (Pacific Standard Time)","process":{"pid":1004,"uid":null,"gid":null,"cwd":"C:\\dev\\tracks-admin","execPath":"C:\\Program Files\\nodejs\\node.exe","version":"v0.8.16","argv":["node","C:\\dev\\tracks-admin\\app.js"],"memoryUsage":{"rss":24530944,"heapTotal":17571072,"heapUsed":10093976}},"os":{"loadavg":[0,0,0],"uptime":12083.2568949},"trace":[{"column":11,"file":"C:\\dev\\tracks-admin\\node_modules\\winston\\lib\\winston\\logger.js","function":"Logger.add","line":439,"method":"add","native":false},{"column":34,"file":"function) [as add] (C:\\dev\\tracks-admin\\node_modules\\winston\\lib\\winston.js","function":"Object.methods.forEach.winston.(anonymous","line":84,"method":"methods.forEach.winston.(anonymous","native":false},{"column":8,"file":"C:\\dev\\tracks-admin\\app.js","function":"","line":12,"method":null,"native":false},{"column":26,"file":"module.js","function":"Module._compile","line":449,"method":"_compile","native":false},{"column":10,"file":"module.js","function":"Object.Module._extensions..js","line":467,"method":"Module._extensions..js","native":false},{"column":32,"file":"module.js","function":"Module.load","line":356,"method":"load","native":false},{"column":12,"file":"module.js","function":"Function.Module._load","line":312,"method":"Module._load","native":false},{"column":10,"file":"module.js","function":"Module.runMain","line":492,"method":"runMain","native":false},{"column":9,"file":"node.js","function":"process.startup.processNextTick.process._tickCallback","line":244,"method":"startup.processNextTick.process._tickCallback","native":false}],"stack":["Error: Transport already attached: console","    at Logger.add (C:\\dev\\tracks-admin\\node_modules\\winston\\lib\\winston\\logger.js:439:11)","    at Object.methods.forEach.winston.(anonymous function) [as add] (C:\\dev\\tracks-admin\\node_modules\\winston\\lib\\winston.js:84:34)","    at Object.<anonymous> (C:\\dev\\tracks-admin\\app.js:12:8)","    at Module._compile (module.js:449:26)","    at Object.Module._extensions..js (module.js:467:10)","    at Module.load (module.js:356:32)","    at Function.Module._load (module.js:312:12)","    at Module.runMain (module.js:492:10)","    at process.startup.processNextTick.process._tickCallback (node.js:244:9)"],"level":"error","message":"uncaughtException","timestamp":"2013-01-03T23:35:08.207Z"}
{"level":"info","message":"starting server","timestamp":"2013-01-03T23:36:00.850Z"}
{"level":"info","message":"starting server","timestamp":"2013-01-03T23:47:33.151Z"}
{"level":"info","message":"view: /resorts/","timestamp":"2013-01-03T23:49:33.704Z"}
{"level":"info","message":"view: /resorts/","timestamp":"2013-01-03T23:50:13.708Z"}
{"level":"info","message":"view: /resorts/","timestamp":"2013-01-03T23:51:10.123Z"}
{"level":"info","message":"view: /resorts/","timestamp":"2013-01-03T23:51:33.346Z"}
{"level":"info","message":"view: /resorts/","timestamp":"2013-01-03T23:51:59.751Z"}
{"level":"info","message":"view: /resorts/","timestamp":"2013-01-03T23:53:42.516Z"}
{"level":"info","message":"view: /resorts/","timestamp":"2013-01-03T23:54:34.421Z"}
{"level":"info","message":"view: /resorts/","timestamp":"2013-01-03T23:54:54.866Z"}
{"level":"info","message":"view: /resorts/","timestamp":"2013-01-03T23:56:16.727Z"}
{"level":"info","message":"view: /resorts/","timestamp":"2013-01-03T23:56:30.624Z"}
{"level":"info","message":"view: /resorts/","timestamp":"2013-01-03T23:57:05.198Z"}
{"level":"info","message":"view: /resorts/","timestamp":"2013-01-03T23:58:19.818Z"}
{"level":"info","message":"view: /resorts/","timestamp":"2013-01-03T23:58:44.077Z"}
{"level":"info","message":"starting server","timestamp":"2013-01-03T23:59:02.291Z"}
{"level":"info","message":"view: /resorts/","timestamp":"2013-01-03T23:59:14.670Z"}
{"level":"info","message":"view: /resorts/","timestamp":"2013-01-03T23:59:42.750Z"}
{"level":"info","message":"starting server","timestamp":"2013-01-15T21:52:19.221Z"}
{"level":"info","message":"view: /resorts/","timestamp":"2013-01-15T21:52:45.852Z"}
{"level":"info","message":"view: /resorts/","timestamp":"2013-01-15T21:54:29.664Z"}
{"level":"info","message":"view: /resorts/","timestamp":"2013-01-15T21:55:31.250Z"}
{"level":"info","message":"view: /resorts/","timestamp":"2013-01-15T21:56:02.768Z"}
{"level":"info","message":"view: /resorts/","timestamp":"2013-01-15T21:56:50.281Z"}
{"level":"info","message":"view: /resorts/","timestamp":"2013-01-15T21:57:09.861Z"}
{"level":"info","message":"view: /resorts/","timestamp":"2013-01-15T21:58:38.158Z"}
{"level":"info","message":"view: /resorts/","timestamp":"2013-01-15T21:59:54.098Z"}
{"level":"info","message":"view: /resorts/","timestamp":"2013-01-15T22:00:11.643Z"}
{"level":"info","message":"view: /resorts/","timestamp":"2013-01-15T22:00:58.508Z"}
{"level":"info","message":"view: /resorts/","timestamp":"2013-01-15T22:03:45.479Z"}
{"level":"info","message":"view: /resorts/","timestamp":"2013-01-15T22:05:33.526Z"}
{"level":"info","message":"view: /resorts/","timestamp":"2013-01-15T22:13:54.992Z"}
{"level":"info","message":"view: /resorts/","timestamp":"2013-01-15T22:17:40.138Z"}
{"level":"info","message":"starting server","timestamp":"2013-01-16T21:19:15.951Z"}
{"level":"info","message":"starting server","timestamp":"2013-01-16T21:36:40.350Z"}
{"level":"info","message":"starting server","timestamp":"2013-01-16T21:36:51.937Z"}
{"level":"info","message":"view: /resorts/","timestamp":"2013-01-16T21:37:01.934Z"}
{"level":"info","message":"starting server","timestamp":"2013-01-16T21:37:26.904Z"}
{"level":"info","message":"view: /resorts/","timestamp":"2013-01-16T21:37:26.933Z"}
{"level":"info","message":"view: /resorts/","timestamp":"2013-01-16T21:37:31.534Z"}
{"level":"info","message":"starting server","timestamp":"2013-01-16T21:39:50.156Z"}
{"level":"info","message":"view: /resorts/","timestamp":"2013-01-16T21:39:50.184Z"}
{"level":"info","message":"view: /resorts/","timestamp":"2013-01-16T21:40:00.165Z"}
{"level":"info","message":"view: /resorts/","timestamp":"2013-01-16T21:40:04.268Z"}
{"level":"info","message":"starting server","timestamp":"2013-01-16T21:46:30.874Z"}
{"level":"info","message":"view: /resorts/","timestamp":"2013-01-16T21:46:30.897Z"}
{"level":"info","message":"starting server","timestamp":"2013-01-16T21:46:46.390Z"}
{"level":"info","message":"starting server","timestamp":"2013-01-16T21:46:58.336Z"}
{"level":"info","message":"view: /resorts/","timestamp":"2013-01-16T21:46:58.347Z"}
{"level":"info","message":"starting server","timestamp":"2013-01-16T21:47:40.096Z"}
{"level":"info","message":"starting server","timestamp":"2013-01-16T21:49:13.452Z"}
{"level":"info","message":"view: /resorts/","timestamp":"2013-01-16T21:49:13.463Z"}
{"level":"info","message":"starting server","timestamp":"2013-01-16T21:49:23.495Z"}
{"level":"info","message":"view: /resorts/","timestamp":"2013-01-16T21:49:23.736Z"}
{"level":"info","message":"starting server","timestamp":"2013-01-16T21:50:17.854Z"}
{"level":"info","message":"view: /resorts/","timestamp":"2013-01-16T21:50:18.089Z"}
{"level":"info","message":"starting server","timestamp":"2013-01-16T21:56:09.358Z"}
{"level":"info","message":"view: /resorts/","timestamp":"2013-01-16T21:56:09.386Z"}
{"level":"info","message":"starting server","timestamp":"2013-01-16T21:57:16.772Z"}
{"level":"info","message":"view: /resorts/","timestamp":"2013-01-16T21:57:16.790Z"}
{"level":"info","message":"starting server","timestamp":"2013-01-16T21:57:37.858Z"}
{"level":"info","message":"view: /resorts/","timestamp":"2013-01-16T21:57:38.102Z"}
{"level":"info","message":"starting server","timestamp":"2013-01-16T21:58:22.489Z"}
{"level":"info","message":"starting server","timestamp":"2013-01-16T22:09:10.889Z"}
{"level":"info","message":"view: /resorts/","timestamp":"2013-01-16T22:09:11.119Z"}
{"level":"info","message":"starting server","timestamp":"2013-01-16T22:12:12.445Z"}
{"level":"info","message":"view: /resorts/","timestamp":"2013-01-16T22:12:12.696Z"}
{"level":"info","message":"starting server","timestamp":"2013-01-16T22:13:03.368Z"}
{"level":"info","message":"view: /resorts/","timestamp":"2013-01-16T22:13:03.386Z"}
{"level":"info","message":"starting server","timestamp":"2013-01-16T22:13:32.459Z"}
{"level":"info","message":"view: /resorts/","timestamp":"2013-01-16T22:13:32.486Z"}
{"level":"info","message":"starting server","timestamp":"2013-01-16T22:19:22.624Z"}
{"level":"info","message":"view: /resorts/","timestamp":"2013-01-16T22:19:22.638Z"}
{"level":"info","message":"starting server","timestamp":"2013-02-20T19:11:48.979Z"}
{"level":"info","message":"starting server","timestamp":"2013-02-20T19:23:48.251Z"}
{"level":"info","message":"starting server","timestamp":"2013-02-21T03:25:36.290Z"}
{"level":"info","message":"view: /resorts/","timestamp":"2013-02-21T03:26:52.636Z"}
{"date":"Fri Feb 22 2013 08:32:46 GMT-0800 (Pacific Standard Time)","process":{"pid":5528,"uid":null,"gid":null,"cwd":"C:\\dev\\tracks-admin","execPath":"C:\\Program Files\\nodejs\\node.exe","version":"v0.8.16","argv":["C:\\Program Files\\nodejs\\node.exe","C:\\dev\\tracks-admin\\app"],"memoryUsage":{"rss":31543296,"heapTotal":31094528,"heapUsed":13049816}},"os":{"loadavg":[0,0,0],"uptime":1738.400059},"trace":[{"column":11,"file":"C:\\dev\\tracks-admin\\node_modules\\express\\lib\\router\\index.js","function":"Router.route.Route.sensitive","line":249,"method":"route.Route.sensitive","native":false},{"column":null,"file":null,"function":"Array.forEach","line":null,"method":"forEach","native":true},{"column":13,"file":"C:\\dev\\tracks-admin\\node_modules\\express\\lib\\router\\index.js","function":"Router.route","line":247,"method":"route","native":false},{"column":24,"file":"function) (C:\\dev\\tracks-admin\\node_modules\\express\\lib\\application.js","function":"Function.methods.forEach.app.(anonymous","line":408,"method":"methods.forEach.app.(anonymous","native":false},{"column":13,"file":"C:\\dev\\tracks-admin\\routes.js","function":"Object.exports.setRoutes","line":22,"method":"exports.setRoutes","native":false},{"column":8,"file":"C:\\dev\\tracks-admin\\app.js","function":"","line":22,"method":null,"native":false},{"column":26,"file":"module.js","function":"Module._compile","line":449,"method":"_compile","native":false},{"column":10,"file":"module.js","function":"Object.Module._extensions..js","line":467,"method":"Module._extensions..js","native":false},{"column":32,"file":"module.js","function":"Module.load","line":356,"method":"load","native":false},{"column":12,"file":"module.js","function":"Function.Module._load","line":312,"method":"Module._load","native":false}],"stack":["Error: Router#delete() requires all callbacks to be functions","    at Router.route.Route.sensitive (C:\\dev\\tracks-admin\\node_modules\\express\\lib\\router\\index.js:249:11)","    at Array.forEach (native)","    at Router.route (C:\\dev\\tracks-admin\\node_modules\\express\\lib\\router\\index.js:247:13)","    at Function.methods.forEach.app.(anonymous function) (C:\\dev\\tracks-admin\\node_modules\\express\\lib\\application.js:408:24)","    at Object.exports.setRoutes (C:\\dev\\tracks-admin\\routes.js:22:13)","    at Object.<anonymous> (C:\\dev\\tracks-admin\\app.js:22:8)","    at Module._compile (module.js:449:26)","    at Object.Module._extensions..js (module.js:467:10)","    at Module.load (module.js:356:32)","    at Function.Module._load (module.js:312:12)"],"level":"error","message":"uncaughtException","timestamp":"2013-02-22T16:32:46.514Z"}
{"date":"Fri Feb 22 2013 08:33:05 GMT-0800 (Pacific Standard Time)","process":{"pid":2736,"uid":null,"gid":null,"cwd":"C:\\dev\\tracks-admin","execPath":"C:\\Program Files\\nodejs\\node.exe","version":"v0.8.16","argv":["C:\\Program Files\\nodejs\\node.exe","C:\\dev\\tracks-admin\\app.js"],"memoryUsage":{"rss":31617024,"heapTotal":31094528,"heapUsed":13052672}},"os":{"loadavg":[0,0,0],"uptime":1757.6111578},"trace":[{"column":11,"file":"C:\\dev\\tracks-admin\\node_modules\\express\\lib\\router\\index.js","function":"Router.route.Route.sensitive","line":249,"method":"route.Route.sensitive","native":false},{"column":null,"file":null,"function":"Array.forEach","line":null,"method":"forEach","native":true},{"column":13,"file":"C:\\dev\\tracks-admin\\node_modules\\express\\lib\\router\\index.js","function":"Router.route","line":247,"method":"route","native":false},{"column":24,"file":"function) (C:\\dev\\tracks-admin\\node_modules\\express\\lib\\application.js","function":"Function.methods.forEach.app.(anonymous","line":408,"method":"methods.forEach.app.(anonymous","native":false},{"column":13,"file":"C:\\dev\\tracks-admin\\routes.js","function":"Object.exports.setRoutes","line":22,"method":"exports.setRoutes","native":false},{"column":8,"file":"C:\\dev\\tracks-admin\\app.js","function":"","line":22,"method":null,"native":false},{"column":26,"file":"module.js","function":"Module._compile","line":449,"method":"_compile","native":false},{"column":10,"file":"module.js","function":"Object.Module._extensions..js","line":467,"method":"Module._extensions..js","native":false},{"column":32,"file":"module.js","function":"Module.load","line":356,"method":"load","native":false},{"column":12,"file":"module.js","function":"Function.Module._load","line":312,"method":"Module._load","native":false}],"stack":["Error: Router#delete() requires all callbacks to be functions","    at Router.route.Route.sensitive (C:\\dev\\tracks-admin\\node_modules\\express\\lib\\router\\index.js:249:11)","    at Array.forEach (native)","    at Router.route (C:\\dev\\tracks-admin\\node_modules\\express\\lib\\router\\index.js:247:13)","    at Function.methods.forEach.app.(anonymous function) (C:\\dev\\tracks-admin\\node_modules\\express\\lib\\application.js:408:24)","    at Object.exports.setRoutes (C:\\dev\\tracks-admin\\routes.js:22:13)","    at Object.<anonymous> (C:\\dev\\tracks-admin\\app.js:22:8)","    at Module._compile (module.js:449:26)","    at Object.Module._extensions..js (module.js:467:10)","    at Module.load (module.js:356:32)","    at Function.Module._load (module.js:312:12)"],"level":"error","message":"uncaughtException","timestamp":"2013-02-22T16:33:05.725Z"}
{"date":"Fri Feb 22 2013 08:35:42 GMT-0800 (Pacific Standard Time)","process":{"pid":5244,"uid":null,"gid":null,"cwd":"C:\\dev\\tracks-admin","execPath":"C:\\Program Files\\nodejs\\node.exe","version":"v0.8.16","argv":["C:\\Program Files\\nodejs\\node.exe","C:\\dev\\tracks-admin\\app.js"],"memoryUsage":{"rss":31555584,"heapTotal":31094528,"heapUsed":13065560}},"os":{"loadavg":[0,0,0],"uptime":1914.493131},"trace":[{"column":11,"file":"C:\\dev\\tracks-admin\\node_modules\\express\\lib\\router\\index.js","function":"Router.route.Route.sensitive","line":249,"method":"route.Route.sensitive","native":false},{"column":null,"file":null,"function":"Array.forEach","line":null,"method":"forEach","native":true},{"column":13,"file":"C:\\dev\\tracks-admin\\node_modules\\express\\lib\\router\\index.js","function":"Router.route","line":247,"method":"route","native":false},{"column":24,"file":"function) (C:\\dev\\tracks-admin\\node_modules\\express\\lib\\application.js","function":"Function.methods.forEach.app.(anonymous","line":408,"method":"methods.forEach.app.(anonymous","native":false},{"column":13,"file":"C:\\dev\\tracks-admin\\routes.js","function":"Object.exports.setRoutes","line":22,"method":"exports.setRoutes","native":false},{"column":8,"file":"C:\\dev\\tracks-admin\\app.js","function":"","line":22,"method":null,"native":false},{"column":26,"file":"module.js","function":"Module._compile","line":449,"method":"_compile","native":false},{"column":10,"file":"module.js","function":"Object.Module._extensions..js","line":467,"method":"Module._extensions..js","native":false},{"column":32,"file":"module.js","function":"Module.load","line":356,"method":"load","native":false},{"column":12,"file":"module.js","function":"Function.Module._load","line":312,"method":"Module._load","native":false}],"stack":["Error: Router#delete() requires all callbacks to be functions","    at Router.route.Route.sensitive (C:\\dev\\tracks-admin\\node_modules\\express\\lib\\router\\index.js:249:11)","    at Array.forEach (native)","    at Router.route (C:\\dev\\tracks-admin\\node_modules\\express\\lib\\router\\index.js:247:13)","    at Function.methods.forEach.app.(anonymous function) (C:\\dev\\tracks-admin\\node_modules\\express\\lib\\application.js:408:24)","    at Object.exports.setRoutes (C:\\dev\\tracks-admin\\routes.js:22:13)","    at Object.<anonymous> (C:\\dev\\tracks-admin\\app.js:22:8)","    at Module._compile (module.js:449:26)","    at Object.Module._extensions..js (module.js:467:10)","    at Module.load (module.js:356:32)","    at Function.Module._load (module.js:312:12)"],"level":"error","message":"uncaughtException","timestamp":"2013-02-22T16:35:42.608Z"}
{"date":"Fri Feb 22 2013 09:25:39 GMT-0800 (Pacific Standard Time)","process":{"pid":3988,"uid":null,"gid":null,"cwd":"C:\\dev\\tracks-admin","execPath":"C:\\Program Files\\nodejs\\node.exe","version":"v0.8.16","argv":["C:\\Program Files\\nodejs\\node.exe","C:\\dev\\tracks-admin\\app"],"memoryUsage":{"rss":31539200,"heapTotal":31094528,"heapUsed":13051432}},"os":{"loadavg":[0,0,0],"uptime":4911.4705483},"trace":[{"column":11,"file":"C:\\dev\\tracks-admin\\node_modules\\express\\lib\\router\\index.js","function":"Router.route.Route.sensitive","line":249,"method":"route.Route.sensitive","native":false},{"column":null,"file":null,"function":"Array.forEach","line":null,"method":"forEach","native":true},{"column":13,"file":"C:\\dev\\tracks-admin\\node_modules\\express\\lib\\router\\index.js","function":"Router.route","line":247,"method":"route","native":false},{"column":24,"file":"function) (C:\\dev\\tracks-admin\\node_modules\\express\\lib\\application.js","function":"Function.methods.forEach.app.(anonymous","line":408,"method":"methods.forEach.app.(anonymous","native":false},{"column":13,"file":"C:\\dev\\tracks-admin\\routes.js","function":"Object.exports.setRoutes","line":22,"method":"exports.setRoutes","native":false},{"column":8,"file":"C:\\dev\\tracks-admin\\app.js","function":"","line":22,"method":null,"native":false},{"column":26,"file":"module.js","function":"Module._compile","line":449,"method":"_compile","native":false},{"column":10,"file":"module.js","function":"Object.Module._extensions..js","line":467,"method":"Module._extensions..js","native":false},{"column":32,"file":"module.js","function":"Module.load","line":356,"method":"load","native":false},{"column":12,"file":"module.js","function":"Function.Module._load","line":312,"method":"Module._load","native":false}],"stack":["Error: Router#delete() requires all callbacks to be functions","    at Router.route.Route.sensitive (C:\\dev\\tracks-admin\\node_modules\\express\\lib\\router\\index.js:249:11)","    at Array.forEach (native)","    at Router.route (C:\\dev\\tracks-admin\\node_modules\\express\\lib\\router\\index.js:247:13)","    at Function.methods.forEach.app.(anonymous function) (C:\\dev\\tracks-admin\\node_modules\\express\\lib\\application.js:408:24)","    at Object.exports.setRoutes (C:\\dev\\tracks-admin\\routes.js:22:13)","    at Object.<anonymous> (C:\\dev\\tracks-admin\\app.js:22:8)","    at Module._compile (module.js:449:26)","    at Object.Module._extensions..js (module.js:467:10)","    at Module.load (module.js:356:32)","    at Function.Module._load (module.js:312:12)"],"level":"error","message":"uncaughtException","timestamp":"2013-02-22T17:25:39.583Z"}
{"level":"info","message":"starting server","timestamp":"2013-02-22T17:29:20.633Z"}
{"level":"info","message":"starting server","timestamp":"2013-02-22T17:29:56.440Z"}
{"level":"info","message":"starting server","timestamp":"2013-02-22T17:51:30.139Z"}
{"level":"info","message":"view: /resorts/","timestamp":"2013-02-22T23:24:34.958Z"}
{"level":"info","message":"view: /resorts/","timestamp":"2013-02-22T23:30:00.184Z"}
{"level":"info","message":"starting server","timestamp":"2013-02-24T18:42:59.353Z"}
{"level":"info","message":"starting server","timestamp":"2013-02-24T18:45:44.011Z"}
{"level":"info","message":"starting server","timestamp":"2013-02-24T20:59:43.481Z"}
{"level":"info","message":"starting server","timestamp":"2013-02-24T21:54:07.357Z"}
{"level":"info","message":"starting server","timestamp":"2013-02-24T21:54:31.001Z"}
{"level":"info","message":"starting server","timestamp":"2013-02-24T21:57:08.262Z"}
{"level":"info","message":"starting server","timestamp":"2013-02-24T21:57:39.971Z"}
{"level":"info","message":"starting server","timestamp":"2013-02-24T22:00:18.728Z"}
{"level":"info","message":"starting server","timestamp":"2013-02-24T22:00:44.026Z"}
{"level":"info","message":"starting server","timestamp":"2013-02-24T22:01:18.629Z"}
{"level":"info","message":"starting server","timestamp":"2013-02-24T22:01:54.905Z"}
{"level":"info","message":"starting server","timestamp":"2013-02-24T22:02:27.545Z"}
{"level":"info","message":"starting server","timestamp":"2013-02-24T22:02:29.224Z"}
{"level":"info","message":"starting server","timestamp":"2013-02-24T22:03:40.237Z"}
{"level":"info","message":"starting server","timestamp":"2013-02-24T22:03:42.909Z"}
{"level":"info","message":"starting server","timestamp":"2013-02-24T22:15:23.426Z"}
{"level":"info","message":"starting server","timestamp":"2013-02-24T22:16:07.476Z"}
{"level":"info","message":"starting server","timestamp":"2013-02-24T22:16:09.377Z"}
{"level":"info","message":"starting server","timestamp":"2013-02-24T22:19:32.594Z"}
{"level":"info","message":"starting server","timestamp":"2013-02-24T22:20:24.115Z"}
{"level":"info","message":"starting server","timestamp":"2013-02-24T22:20:26.023Z"}
{"level":"info","message":"starting server","timestamp":"2013-02-24T22:21:24.599Z"}
{"level":"info","message":"starting server","timestamp":"2013-02-24T22:21:26.730Z"}
{"level":"info","message":"starting server","timestamp":"2013-02-24T23:49:21.335Z"}
{"level":"info","message":"starting server","timestamp":"2013-02-25T00:39:26.713Z"}
{"level":"info","message":"starting server","timestamp":"2013-02-25T00:41:20.494Z"}
{"level":"info","message":"starting server","timestamp":"2013-02-25T00:44:22.791Z"}
{"level":"info","message":"starting server","timestamp":"2013-02-25T00:44:32.654Z"}
{"level":"info","message":"starting server","timestamp":"2013-02-25T00:47:13.823Z"}
{"level":"info","message":"starting server","timestamp":"2013-02-25T00:47:16.211Z"}
{"level":"info","message":"starting server","timestamp":"2013-02-25T00:51:46.776Z"}
{"level":"info","message":"starting server","timestamp":"2013-02-25T00:54:58.551Z"}
{"level":"info","message":"starting server","timestamp":"2013-02-25T00:55:16.641Z"}
{"level":"info","message":"starting server","timestamp":"2013-02-25T00:56:48.082Z"}
{"level":"info","message":"starting server","timestamp":"2013-02-25T01:00:21.037Z"}
{"level":"info","message":"starting server","timestamp":"2013-02-25T01:00:22.328Z"}
{"level":"info","message":"starting server","timestamp":"2013-02-25T01:03:10.015Z"}
{"level":"info","message":"view: /resorts/","timestamp":"2013-02-25T01:22:42.850Z"}
{"level":"info","message":"starting server","timestamp":"2013-02-25T01:24:41.341Z"}
{"level":"info","message":"view: /resorts/","timestamp":"2013-02-25T01:24:52.697Z"}
{"level":"info","message":"starting server","timestamp":"2013-02-25T01:42:30.222Z"}
{"level":"info","message":"view: /resorts/","timestamp":"2013-02-25T01:42:35.513Z"}
{"level":"info","message":"starting server","timestamp":"2013-02-25T01:43:25.864Z"}
{"level":"info","message":"view: /resorts/","timestamp":"2013-02-25T01:43:32.895Z"}
{"level":"info","message":"starting server","timestamp":"2013-02-25T01:44:06.210Z"}
{"date":"Sun Feb 24 2013 17:44:06 GMT-0800 (Pacific Standard Time)","process":{"pid":8128,"uid":null,"gid":null,"cwd":"C:\\dev\\tracks-admin","execPath":"C:\\Program Files\\nodejs\\node.exe","version":"v0.8.16","argv":["node","C:\\dev\\tracks-admin\\app.js"],"memoryUsage":{"rss":32989184,"heapTotal":31094528,"heapUsed":14789992}},"os":{"loadavg":[0,0,0],"uptime":81608.089344},"trace":[{"column":11,"file":"http.js","function":"ServerResponse.OutgoingMessage.setHeader","line":645,"method":"OutgoingMessage.setHeader","native":false},{"column":22,"file":"C:\\dev\\tracks-admin\\node_modules\\express\\node_modules\\connect\\lib\\patch.js","function":"ServerResponse.res.setHeader","line":59,"method":"res.setHeader","native":false},{"column":10,"file":"C:\\dev\\tracks-admin\\node_modules\\express\\lib\\response.js","function":"ServerResponse.res.set.res.header","line":513,"method":"res.set.res.header","native":false},{"column":10,"file":"C:\\dev\\tracks-admin\\node_modules\\express\\lib\\response.js","function":"ServerResponse.res.send","line":124,"method":"res.send","native":false},{"column":15,"file":"C:\\dev\\tracks-admin\\node_modules\\express\\lib\\response.js","function":"ServerResponse.res.json","line":191,"method":"res.json","native":false},{"column":21,"file":"C:\\dev\\tracks-admin\\node_modules\\express\\lib\\response.js","function":"ServerResponse.res.send","line":117,"method":"res.send","native":false},{"column":16,"file":"C:\\dev\\tracks-admin\\controllers\\resorts.js","function":"Promise.exports.find","line":41,"method":"exports.find","native":false},{"column":8,"file":"C:\\dev\\tracks-admin\\node_modules\\mongoose\\lib\\promise.js","function":"Promise.addBack","line":128,"method":"addBack","native":false},{"column":17,"file":"events.js","function":"Promise.EventEmitter.emit","line":96,"method":"EventEmitter.emit","native":false},{"column":38,"file":"C:\\dev\\tracks-admin\\node_modules\\mongoose\\lib\\promise.js","function":"Promise.emit","line":66,"method":"emit","native":false}],"stack":["Error: Can't set headers after they are sent.","    at ServerResponse.OutgoingMessage.setHeader (http.js:645:11)","    at ServerResponse.res.setHeader (C:\\dev\\tracks-admin\\node_modules\\express\\node_modules\\connect\\lib\\patch.js:59:22)","    at ServerResponse.res.set.res.header (C:\\dev\\tracks-admin\\node_modules\\express\\lib\\response.js:513:10)","    at ServerResponse.res.send (C:\\dev\\tracks-admin\\node_modules\\express\\lib\\response.js:124:10)","    at ServerResponse.res.json (C:\\dev\\tracks-admin\\node_modules\\express\\lib\\response.js:191:15)","    at ServerResponse.res.send (C:\\dev\\tracks-admin\\node_modules\\express\\lib\\response.js:117:21)","    at Promise.exports.find (C:\\dev\\tracks-admin\\controllers\\resorts.js:41:16)","    at Promise.addBack (C:\\dev\\tracks-admin\\node_modules\\mongoose\\lib\\promise.js:128:8)","    at Promise.EventEmitter.emit (events.js:96:17)","    at Promise.emit (C:\\dev\\tracks-admin\\node_modules\\mongoose\\lib\\promise.js:66:38)"],"level":"error","message":"uncaughtException","timestamp":"2013-02-25T01:44:06.461Z"}
{"level":"info","message":"starting server","timestamp":"2013-02-25T01:44:41.549Z"}
{"level":"info","message":"view: /resorts/","timestamp":"2013-02-25T01:44:45.178Z"}
{"level":"info","message":"starting server","timestamp":"2013-02-25T01:51:28.368Z"}
{"level":"info","message":"starting server","timestamp":"2013-02-25T01:54:18.830Z"}
{"level":"info","message":"starting server","timestamp":"2013-02-25T01:55:41.381Z"}
{"level":"info","message":"view: /resorts/","timestamp":"2013-02-25T01:56:01.650Z"}
{"level":"info","message":"starting server","timestamp":"2013-02-25T01:58:24.723Z"}
{"level":"info","message":"starting server","timestamp":"2013-02-25T02:00:03.180Z"}
{"level":"info","message":"view: /resorts/","timestamp":"2013-02-25T02:00:07.563Z"}
{"level":"info","message":"starting server","timestamp":"2013-02-25T02:02:08.999Z"}
{"level":"info","message":"starting server","timestamp":"2013-02-25T02:15:37.888Z"}
{"level":"info","message":"starting server","timestamp":"2013-02-25T02:16:18.727Z"}
{"level":"info","message":"view: /resorts/","timestamp":"2013-02-25T02:16:20.132Z"}
{"level":"info","message":"view: /resorts/","timestamp":"2013-02-25T02:16:33.502Z"}
{"level":"info","message":"view: /resorts/","timestamp":"2013-02-25T02:16:35.880Z"}
{"level":"info","message":"starting server","timestamp":"2013-02-25T02:17:10.739Z"}
{"level":"info","message":"starting server","timestamp":"2013-02-25T02:17:13.235Z"}
{"level":"info","message":"starting server","timestamp":"2013-02-25T02:19:02.371Z"}
{"level":"info","message":"starting server","timestamp":"2013-02-25T02:19:04.599Z"}
{"level":"info","message":"starting server","timestamp":"2013-02-25T02:19:09.991Z"}
{"level":"info","message":"starting server","timestamp":"2013-02-25T02:20:17.577Z"}
{"level":"info","message":"view: /resorts/","timestamp":"2013-02-25T02:20:25.527Z"}
{"level":"info","message":"view: /resorts/","timestamp":"2013-02-25T02:21:39.540Z"}
{"level":"info","message":"starting server","timestamp":"2013-02-25T02:22:16.642Z"}
{"level":"info","message":"view: /resorts/","timestamp":"2013-02-25T02:22:31.496Z"}
{"level":"info","message":"view: /resorts/","timestamp":"2013-02-25T02:23:21.460Z"}
{"level":"info","message":"starting server","timestamp":"2013-02-25T22:22:04.501Z"}
{"level":"info","message":"starting server","timestamp":"2013-02-25T22:24:01.888Z"}
{"level":"info","message":"starting server","timestamp":"2013-02-25T22:25:16.112Z"}
{"level":"info","message":"starting server","timestamp":"2013-02-25T22:26:18.723Z"}
{"level":"info","message":"view: /resorts/","timestamp":"2013-02-25T22:26:59.695Z"}
{"level":"info","message":"starting server","timestamp":"2013-02-25T22:30:49.823Z"}
{"level":"info","message":"starting server","timestamp":"2013-02-25T22:34:47.229Z"}
{"level":"info","message":"starting server","timestamp":"2013-02-25T22:35:04.788Z"}
{"level":"info","message":"starting server","timestamp":"2013-02-25T22:35:06.239Z"}
{"level":"info","message":"starting server","timestamp":"2013-02-25T22:36:04.149Z"}
{"level":"info","message":"starting server","timestamp":"2013-02-25T22:36:06.558Z"}
{"level":"info","message":"view: /resorts/","timestamp":"2013-02-25T22:36:11.643Z"}
{"level":"info","message":"starting server","timestamp":"2013-02-25T22:44:05.351Z"}
{"level":"info","message":"starting server","timestamp":"2013-02-25T22:50:03.754Z"}
{"level":"info","message":"starting server","timestamp":"2013-02-25T22:51:19.129Z"}
{"level":"info","message":"starting server","timestamp":"2013-02-25T22:51:59.663Z"}
{"level":"info","message":"starting server","timestamp":"2013-02-25T22:52:01.280Z"}
{"level":"info","message":"starting server","timestamp":"2013-02-25T22:53:33.196Z"}
{"level":"info","message":"starting server","timestamp":"2013-02-25T22:53:37.039Z"}
{"level":"info","message":"starting server","timestamp":"2013-02-25T22:53:39.762Z"}
{"level":"info","message":"starting server","timestamp":"2013-02-25T22:55:24.873Z"}
{"level":"info","message":"starting server","timestamp":"2013-02-25T22:55:37.110Z"}
{"level":"info","message":"view: /resorts/","timestamp":"2013-02-25T22:55:55.031Z"}
{"level":"info","message":"view: /resorts/","timestamp":"2013-02-25T23:01:17.236Z"}
{"level":"info","message":"starting server","timestamp":"2013-02-25T23:02:39.819Z"}
{"level":"info","message":"view: /resorts/","timestamp":"2013-02-25T23:02:42.127Z"}
{"level":"info","message":"view: /resorts/","timestamp":"2013-02-25T23:04:25.511Z"}
{"level":"info","message":"starting server","timestamp":"2013-02-25T23:04:45.072Z"}
{"level":"info","message":"view: /resorts/","timestamp":"2013-02-25T23:04:54.705Z"}
{"level":"info","message":"starting server","timestamp":"2013-02-25T23:05:47.178Z"}
{"level":"info","message":"starting server","timestamp":"2013-02-25T23:05:54.096Z"}
{"level":"info","message":"starting server","timestamp":"2013-02-25T23:05:57.798Z"}
{"level":"info","message":"view: /resorts/","timestamp":"2013-02-25T23:06:00.446Z"}
{"level":"info","message":"view: /resorts/","timestamp":"2013-02-25T23:06:03.192Z"}
{"level":"info","message":"starting server","timestamp":"2013-02-25T23:17:34.092Z"}
{"level":"info","message":"starting server","timestamp":"2013-02-25T23:18:50.395Z"}
{"level":"info","message":"starting server","timestamp":"2013-02-25T23:21:07.953Z"}
{"level":"info","message":"view: /resorts/","timestamp":"2013-02-25T23:22:09.697Z"}
{"level":"info","message":"starting server","timestamp":"2013-02-25T23:22:30.997Z"}
{"level":"info","message":"starting server","timestamp":"2013-02-25T23:22:34.303Z"}
{"level":"info","message":"starting server","timestamp":"2013-02-25T23:25:39.253Z"}
{"level":"info","message":"starting server","timestamp":"2013-02-25T23:25:46.617Z"}
{"level":"info","message":"starting server","timestamp":"2013-02-25T23:25:51.886Z"}
{"level":"info","message":"starting server","timestamp":"2013-02-25T23:26:04.777Z"}
{"level":"info","message":"starting server","timestamp":"2013-02-25T23:26:10.126Z"}
{"level":"info","message":"view: /resorts/","timestamp":"2013-02-25T23:26:23.964Z"}
{"level":"info","message":"view: /resorts/","timestamp":"2013-02-25T23:27:45.732Z"}
{"level":"info","message":"starting server","timestamp":"2013-02-25T23:27:54.289Z"}
{"level":"info","message":"starting server","timestamp":"2013-02-25T23:29:17.182Z"}
{"level":"info","message":"view: /resorts/","timestamp":"2013-02-25T23:36:33.435Z"}
{"level":"info","message":"starting server","timestamp":"2013-02-25T23:37:26.145Z"}
{"level":"info","message":"starting server","timestamp":"2013-02-25T23:37:32.128Z"}
{"level":"info","message":"view: /resorts/","timestamp":"2013-02-25T23:38:01.937Z"}
{"level":"info","message":"starting server","timestamp":"2013-02-25T23:40:37.157Z"}
{"level":"info","message":"view: /resorts/","timestamp":"2013-02-25T23:40:41.680Z"}
{"level":"info","message":"starting server","timestamp":"2013-02-25T23:45:58.042Z"}
{"level":"info","message":"view: /resorts/","timestamp":"2013-02-25T23:46:03.196Z"}
{"level":"info","message":"starting server","timestamp":"2013-02-25T23:48:53.125Z"}
{"level":"info","message":"view: /resorts/","timestamp":"2013-02-25T23:48:59.791Z"}
{"level":"info","message":"view: /resorts/","timestamp":"2013-02-25T23:50:38.661Z"}
{"level":"info","message":"starting server","timestamp":"2013-02-26T00:03:36.081Z"}
{"level":"info","message":"view: /resorts/","timestamp":"2013-02-26T00:03:42.284Z"}
{"level":"info","message":"view: /resorts/","timestamp":"2013-02-26T00:05:03.760Z"}
{"level":"info","message":"starting server","timestamp":"2013-02-26T00:06:36.010Z"}
{"level":"info","message":"view: /resorts/","timestamp":"2013-02-26T00:06:39.889Z"}
{"level":"info","message":"view: /resorts/","timestamp":"2013-02-26T00:19:05.223Z"}
{"level":"info","message":"view: /resorts/","timestamp":"2013-02-26T01:44:08.264Z"}
{"level":"info","message":"starting server","timestamp":"2013-02-27T01:08:25.444Z"}
{"level":"info","message":"view: /resorts/","timestamp":"2013-02-27T01:08:32.022Z"}
{"level":"info","message":"view: /resort-map","timestamp":"2013-02-27T01:08:41.172Z"}
{"level":"info","message":"view: /resort-map","timestamp":"2013-02-27T01:09:26.747Z"}
{"level":"info","message":"view: /resort-map","timestamp":"2013-02-27T01:09:29.799Z"}
{"level":"info","message":"view: /resort-map","timestamp":"2013-02-27T01:12:07.344Z"}
{"level":"info","message":"view: /resort-map","timestamp":"2013-02-27T01:17:31.060Z"}
{"date":"Tue Feb 26 2013 17:17:31 GMT-0800 (Pacific Standard Time)","process":{"pid":6728,"uid":null,"gid":null,"cwd":"C:\\dev\\tracks-admin","execPath":"C:\\Program Files\\nodejs\\node.exe","version":"v0.8.16","argv":["C:\\Program Files\\nodejs\\node.exe","C:\\dev\\tracks-admin\\app"],"memoryUsage":{"rss":38170624,"heapTotal":21595392,"heapUsed":15241104}},"os":{"loadavg":[0,0,0],"uptime":69317.3898362},"trace":[{"column":11,"file":"http.js","function":"ServerResponse.OutgoingMessage.setHeader","line":645,"method":"OutgoingMessage.setHeader","native":false},{"column":22,"file":"C:\\dev\\tracks-admin\\node_modules\\express\\node_modules\\connect\\lib\\patch.js","function":"ServerResponse.res.setHeader","line":59,"method":"res.setHeader","native":false},{"column":10,"file":"C:\\dev\\tracks-admin\\node_modules\\express\\lib\\response.js","function":"ServerResponse.res.set.res.header","line":513,"method":"res.set.res.header","native":false},{"column":10,"file":"C:\\dev\\tracks-admin\\node_modules\\express\\lib\\response.js","function":"ServerResponse.res.send","line":124,"method":"res.send","native":false},{"column":9,"file":"C:\\dev\\tracks-admin\\controllers\\resorts.js","function":"Promise.exports.get","line":62,"method":"exports.get","native":false},{"column":8,"file":"C:\\dev\\tracks-admin\\node_modules\\mongoose\\lib\\promise.js","function":"Promise.addBack","line":128,"method":"addBack","native":false},{"column":17,"file":"events.js","function":"Promise.EventEmitter.emit","line":96,"method":"EventEmitter.emit","native":false},{"column":38,"file":"C:\\dev\\tracks-admin\\node_modules\\mongoose\\lib\\promise.js","function":"Promise.emit","line":66,"method":"emit","native":false},{"column":20,"file":"C:\\dev\\tracks-admin\\node_modules\\mongoose\\lib\\promise.js","function":"Promise.complete","line":77,"method":"complete","native":false},{"column":30,"file":"C:\\dev\\tracks-admin\\node_modules\\mongoose\\lib\\query.js","function":"Query.findOne","line":1600,"method":"findOne","native":false}],"stack":["Error: Can't set headers after they are sent.","    at ServerResponse.OutgoingMessage.setHeader (http.js:645:11)","    at ServerResponse.res.setHeader (C:\\dev\\tracks-admin\\node_modules\\express\\node_modules\\connect\\lib\\patch.js:59:22)","    at ServerResponse.res.set.res.header (C:\\dev\\tracks-admin\\node_modules\\express\\lib\\response.js:513:10)","    at ServerResponse.res.send (C:\\dev\\tracks-admin\\node_modules\\express\\lib\\response.js:124:10)","    at Promise.exports.get (C:\\dev\\tracks-admin\\controllers\\resorts.js:62:9)","    at Promise.addBack (C:\\dev\\tracks-admin\\node_modules\\mongoose\\lib\\promise.js:128:8)","    at Promise.EventEmitter.emit (events.js:96:17)","    at Promise.emit (C:\\dev\\tracks-admin\\node_modules\\mongoose\\lib\\promise.js:66:38)","    at Promise.complete (C:\\dev\\tracks-admin\\node_modules\\mongoose\\lib\\promise.js:77:20)","    at Query.findOne (C:\\dev\\tracks-admin\\node_modules\\mongoose\\lib\\query.js:1600:30)"],"level":"error","message":"uncaughtException","timestamp":"2013-02-27T01:17:31.198Z"}
{"level":"info","message":"starting server","timestamp":"2013-02-27T01:21:00.046Z"}
{"level":"info","message":"view: /resort-map","timestamp":"2013-02-27T01:21:24.551Z"}
{"date":"Tue Feb 26 2013 17:21:24 GMT-0800 (Pacific Standard Time)","process":{"pid":5720,"uid":null,"gid":null,"cwd":"C:\\dev\\tracks-admin","execPath":"C:\\Program Files\\nodejs\\node.exe","version":"v0.8.16","argv":["C:\\Program Files\\nodejs\\node.exe","C:\\dev\\tracks-admin\\app"],"memoryUsage":{"rss":29933568,"heapTotal":18478336,"heapUsed":13403784}},"os":{"loadavg":[0,0,0],"uptime":69550.9191933},"trace":[{"column":11,"file":"http.js","function":"ServerResponse.OutgoingMessage.setHeader","line":645,"method":"OutgoingMessage.setHeader","native":false},{"column":22,"file":"C:\\dev\\tracks-admin\\node_modules\\express\\node_modules\\connect\\lib\\patch.js","function":"ServerResponse.res.setHeader","line":59,"method":"res.setHeader","native":false},{"column":10,"file":"C:\\dev\\tracks-admin\\node_modules\\express\\lib\\response.js","function":"ServerResponse.res.set.res.header","line":513,"method":"res.set.res.header","native":false},{"column":10,"file":"C:\\dev\\tracks-admin\\node_modules\\express\\lib\\response.js","function":"ServerResponse.res.send","line":124,"method":"res.send","native":false},{"column":9,"file":"C:\\dev\\tracks-admin\\controllers\\resorts.js","function":"Promise.exports.get","line":62,"method":"exports.get","native":false},{"column":8,"file":"C:\\dev\\tracks-admin\\node_modules\\mongoose\\lib\\promise.js","function":"Promise.addBack","line":128,"method":"addBack","native":false},{"column":17,"file":"events.js","function":"Promise.EventEmitter.emit","line":96,"method":"EventEmitter.emit","native":false},{"column":38,"file":"C:\\dev\\tracks-admin\\node_modules\\mongoose\\lib\\promise.js","function":"Promise.emit","line":66,"method":"emit","native":false},{"column":20,"file":"C:\\dev\\tracks-admin\\node_modules\\mongoose\\lib\\promise.js","function":"Promise.complete","line":77,"method":"complete","native":false},{"column":30,"file":"C:\\dev\\tracks-admin\\node_modules\\mongoose\\lib\\query.js","function":"Query.findOne","line":1600,"method":"findOne","native":false}],"stack":["Error: Can't set headers after they are sent.","    at ServerResponse.OutgoingMessage.setHeader (http.js:645:11)","    at ServerResponse.res.setHeader (C:\\dev\\tracks-admin\\node_modules\\express\\node_modules\\connect\\lib\\patch.js:59:22)","    at ServerResponse.res.set.res.header (C:\\dev\\tracks-admin\\node_modules\\express\\lib\\response.js:513:10)","    at ServerResponse.res.send (C:\\dev\\tracks-admin\\node_modules\\express\\lib\\response.js:124:10)","    at Promise.exports.get (C:\\dev\\tracks-admin\\controllers\\resorts.js:62:9)","    at Promise.addBack (C:\\dev\\tracks-admin\\node_modules\\mongoose\\lib\\promise.js:128:8)","    at Promise.EventEmitter.emit (events.js:96:17)","    at Promise.emit (C:\\dev\\tracks-admin\\node_modules\\mongoose\\lib\\promise.js:66:38)","    at Promise.complete (C:\\dev\\tracks-admin\\node_modules\\mongoose\\lib\\promise.js:77:20)","    at Query.findOne (C:\\dev\\tracks-admin\\node_modules\\mongoose\\lib\\query.js:1600:30)"],"level":"error","message":"uncaughtException","timestamp":"2013-02-27T01:21:24.724Z"}
{"level":"info","message":"starting server","timestamp":"2013-02-27T01:23:20.587Z"}
{"level":"info","message":"view: /resort-map","timestamp":"2013-02-27T01:23:24.233Z"}
{"date":"Tue Feb 26 2013 17:23:24 GMT-0800 (Pacific Standard Time)","process":{"pid":4776,"uid":null,"gid":null,"cwd":"C:\\dev\\tracks-admin","execPath":"C:\\Program Files\\nodejs\\node.exe","version":"v0.8.16","argv":["C:\\Program Files\\nodejs\\node.exe","C:\\dev\\tracks-admin\\app"],"memoryUsage":{"rss":37748736,"heapTotal":33158400,"heapUsed":13843264}},"os":{"loadavg":[0,0,0],"uptime":69670.6330406},"trace":[{"column":11,"file":"http.js","function":"ServerResponse.OutgoingMessage.setHeader","line":645,"method":"OutgoingMessage.setHeader","native":false},{"column":22,"file":"C:\\dev\\tracks-admin\\node_modules\\express\\node_modules\\connect\\lib\\patch.js","function":"ServerResponse.res.setHeader","line":59,"method":"res.setHeader","native":false},{"column":10,"file":"C:\\dev\\tracks-admin\\node_modules\\express\\lib\\response.js","function":"ServerResponse.res.set.res.header","line":513,"method":"res.set.res.header","native":false},{"column":10,"file":"C:\\dev\\tracks-admin\\node_modules\\express\\lib\\response.js","function":"ServerResponse.res.send","line":124,"method":"res.send","native":false},{"column":9,"file":"C:\\dev\\tracks-admin\\controllers\\resorts.js","function":"Promise.exports.get","line":62,"method":"exports.get","native":false},{"column":8,"file":"C:\\dev\\tracks-admin\\node_modules\\mongoose\\lib\\promise.js","function":"Promise.addBack","line":128,"method":"addBack","native":false},{"column":17,"file":"events.js","function":"Promise.EventEmitter.emit","line":96,"method":"EventEmitter.emit","native":false},{"column":38,"file":"C:\\dev\\tracks-admin\\node_modules\\mongoose\\lib\\promise.js","function":"Promise.emit","line":66,"method":"emit","native":false},{"column":20,"file":"C:\\dev\\tracks-admin\\node_modules\\mongoose\\lib\\promise.js","function":"Promise.complete","line":77,"method":"complete","native":false},{"column":30,"file":"C:\\dev\\tracks-admin\\node_modules\\mongoose\\lib\\query.js","function":"Query.findOne","line":1600,"method":"findOne","native":false}],"stack":["Error: Can't set headers after they are sent.","    at ServerResponse.OutgoingMessage.setHeader (http.js:645:11)","    at ServerResponse.res.setHeader (C:\\dev\\tracks-admin\\node_modules\\express\\node_modules\\connect\\lib\\patch.js:59:22)","    at ServerResponse.res.set.res.header (C:\\dev\\tracks-admin\\node_modules\\express\\lib\\response.js:513:10)","    at ServerResponse.res.send (C:\\dev\\tracks-admin\\node_modules\\express\\lib\\response.js:124:10)","    at Promise.exports.get (C:\\dev\\tracks-admin\\controllers\\resorts.js:62:9)","    at Promise.addBack (C:\\dev\\tracks-admin\\node_modules\\mongoose\\lib\\promise.js:128:8)","    at Promise.EventEmitter.emit (events.js:96:17)","    at Promise.emit (C:\\dev\\tracks-admin\\node_modules\\mongoose\\lib\\promise.js:66:38)","    at Promise.complete (C:\\dev\\tracks-admin\\node_modules\\mongoose\\lib\\promise.js:77:20)","    at Query.findOne (C:\\dev\\tracks-admin\\node_modules\\mongoose\\lib\\query.js:1600:30)"],"level":"error","message":"uncaughtException","timestamp":"2013-02-27T01:23:24.439Z"}
{"level":"info","message":"starting server","timestamp":"2013-02-27T01:24:46.349Z"}
{"level":"info","message":"view: /resort-map","timestamp":"2013-02-27T01:24:51.288Z"}
{"level":"info","message":"view: /resort-map","timestamp":"2013-02-27T01:30:46.062Z"}
{"level":"info","message":"view: /resort-map","timestamp":"2013-02-27T01:32:57.366Z"}
{"level":"info","message":"view: /resort-map","timestamp":"2013-02-27T01:33:38.374Z"}
{"level":"info","message":"view: /resort-map","timestamp":"2013-02-27T01:34:43.472Z"}
{"level":"info","message":"view: /resort-map","timestamp":"2013-02-27T01:35:16.274Z"}
{"level":"info","message":"view: /resort-map","timestamp":"2013-02-27T01:38:14.505Z"}
{"level":"info","message":"view: /resort-map","timestamp":"2013-02-27T01:41:05.507Z"}
{"level":"info","message":"view: /resort-map","timestamp":"2013-02-27T01:44:14.760Z"}
{"level":"info","message":"view: /resort-map","timestamp":"2013-02-27T01:47:56.998Z"}
{"level":"info","message":"view: /resorts/","timestamp":"2013-02-27T02:06:44.094Z"}
{"level":"info","message":"view: /resort-map","timestamp":"2013-02-27T03:56:00.080Z"}
{"level":"info","message":"view: /resort-map","timestamp":"2013-02-27T03:57:49.373Z"}
{"level":"info","message":"view: /resort-map","timestamp":"2013-02-27T04:12:15.247Z"}
{"level":"info","message":"view: /resort-map","timestamp":"2013-02-27T04:15:02.078Z"}
{"level":"info","message":"view: /resort-map","timestamp":"2013-02-27T04:15:11.516Z"}
{"level":"info","message":"view: /resort-map","timestamp":"2013-02-27T04:17:07.896Z"}
{"level":"info","message":"view: /resort-map","timestamp":"2013-02-27T04:18:38.780Z"}
{"level":"info","message":"view: /resort-map","timestamp":"2013-02-27T04:19:08.420Z"}
