Mon Feb 25 14:23:48 [initandlisten] MongoDB starting : pid=5608 port=27017 dbpath=c:\dev\db\ 64-bit host=FezzRig
Mon Feb 25 14:23:48 [initandlisten] db version v2.2.0, pdfile version 4.5
Mon Feb 25 14:23:48 [initandlisten] git version: f5e83eae9cfbec7fb7a071321928f00d1b0c5207
Mon Feb 25 14:23:48 [initandlisten] build info: windows sys.getwindowsversion(major=6, minor=1, build=7601, platform=2, service_pack='Service Pack 1') BOOST_LIB_VERSION=1_49
Mon Feb 25 14:23:48 [initandlisten] options: { dbpath: "c:\dev\db\", logpath: "c:\dev\tracks-admin\mongodb.log" }
Mon Feb 25 14:23:48 [initandlisten] journal dir=c:/dev/db/journal
Mon Feb 25 14:23:48 [initandlisten] recover : no journal files present, no recovery needed
Mon Feb 25 14:23:48 [initandlisten] 
Mon Feb 25 14:23:48 [initandlisten] ERROR: Insufficient free space for journal files
Mon Feb 25 14:23:48 [initandlisten] Please make at least 3379MB available in c:/dev/db/journal or use --smallfiles
Mon Feb 25 14:23:48 [initandlisten] 
Mon Feb 25 14:23:48 [initandlisten] exception in initAndListen: 15926 Insufficient free space for journals, terminating
Mon Feb 25 14:23:48 dbexit: 
Mon Feb 25 14:23:48 [initandlisten] shutdown: going to close listening sockets...
Mon Feb 25 14:23:48 [initandlisten] shutdown: going to flush diaglog...
Mon Feb 25 14:23:48 [initandlisten] shutdown: going to close sockets...
Mon Feb 25 14:23:48 [initandlisten] shutdown: waiting for fs preallocator...
Mon Feb 25 14:23:48 [initandlisten] shutdown: lock for final commit...
Mon Feb 25 14:23:48 [initandlisten] shutdown: final commit...
Mon Feb 25 14:23:48 [initandlisten] shutdown: closing all files...
Mon Feb 25 14:23:48 [initandlisten] closeAllFiles() finished
Mon Feb 25 14:23:48 [initandlisten] journalCleanup...
Mon Feb 25 14:23:48 [initandlisten] removeJournalFiles
Mon Feb 25 14:23:48 [initandlisten] shutdown: removing fs lock...
Mon Feb 25 14:23:48 dbexit: really exiting now
